<?xml version="1.0" encoding="UTF-8"?>
<!-- Generated by org.testng.reporters.JUnitXMLReporter -->
<testsuite hostname="BDC7-L-4SVCVN2" ignored="0" name="ChromeTEST" tests="3" failures="0" timestamp="16 Oct 2018 10:49:29 GMT" time="87.599" errors="0">
  <testcase name="TestLogin" time="27.925" classname="Portal_Tests.TC003_TechnicalInfo"/>
  <testcase name="CheckTechnicalInfoSection" time="9.413" classname="Portal_Tests.TC003_TechnicalInfo"/>
  <testcase name="ClosingBrowser" time="24.897" classname="Portal_Tests.TC003_TechnicalInfo"/>
</testsuite> <!-- ChromeTEST -->
