<?xml version="1.0" encoding="UTF-8"?>
<!-- Generated by org.testng.reporters.JUnitXMLReporter -->
<testsuite hostname="BDC7-L-4SVCVN2" ignored="0" name="ChromeTEST" tests="4" failures="0" timestamp="01 Nov 2018 10:05:42 GMT" time="46.712" errors="0">
  <testcase name="WelcomePage" time="9.266" classname="testScenarios.TC006_Register"/>
  <testcase name="Register" time="4.329" classname="testScenarios.TC006_Register"/>
  <testcase name="LegalNoticeTab" time="8.231" classname="testScenarios.TC006_Register"/>
  <testcase name="SupplierRegistration" time="7.067" classname="testScenarios.TC006_Register"/>
</testsuite> <!-- ChromeTEST -->
