<?xml version="1.0" encoding="UTF-8"?>
<!-- Generated by org.testng.reporters.JUnitXMLReporter -->
<testsuite hostname="BDC7-L-4SVCVN2" ignored="0" name="ChromeTEST" tests="4" failures="0" timestamp="30 Oct 2018 09:49:35 GMT" time="50.949" errors="0">
  <testcase name="WelcomePage" time="8.807" classname="testScenarios.TC006_Register"/>
  <testcase name="Register" time="3.399" classname="testScenarios.TC006_Register"/>
  <testcase name="LegalNoticeTab" time="9.056" classname="testScenarios.TC006_Register"/>
  <testcase name="SupplierRegistration" time="8.528" classname="testScenarios.TC006_Register"/>
</testsuite> <!-- ChromeTEST -->
