<?xml version="1.0" encoding="UTF-8"?>
<!-- Generated by org.testng.reporters.JUnitXMLReporter -->
<testsuite hostname="BDC11-L-JVXCNN2" ignored="0" name="IE" tests="1" failures="0" timestamp="11 Sep 2018 13:22:01 GMT" time="2.933" errors="0">
  <testcase name="@BeforeTest setup" time="2.902" classname="parallelTest.CrossBrowserScript">
    <failure type="org.openqa.selenium.WebDriverException" message="Unable to parse remote response: Misconfigured -- Unsupported OS/browser/version/device combo: OS: &amp;apos;Windows 2008&amp;apos;, Browser: &amp;apos;ie&amp;apos;, Version: &amp;apos;8.0.&amp;apos;, Device: &amp;apos;unspecified&amp;apos;">
      <![CDATA[org.openqa.selenium.WebDriverException: Unable to parse remote response: Misconfigured -- Unsupported OS/browser/version/device combo: OS: 'Windows 2008', Browser: 'ie', Version: '8.0.', Device: 'unspecified'
at org.openqa.selenium.remote.ProtocolHandshake.createSession(ProtocolHandshake.java:111)
at org.openqa.selenium.remote.ProtocolHandshake.createSession(ProtocolHandshake.java:73)
at org.openqa.selenium.remote.HttpCommandExecutor.execute(HttpCommandExecutor.java:136)
at org.openqa.selenium.remote.RemoteWebDriver.execute(RemoteWebDriver.java:548)
at org.openqa.selenium.remote.RemoteWebDriver.startSession(RemoteWebDriver.java:212)
at org.openqa.selenium.remote.RemoteWebDriver.<init>(RemoteWebDriver.java:130)
at org.openqa.selenium.remote.RemoteWebDriver.<init>(RemoteWebDriver.java:143)
at parallelTest.CrossBrowserScript.setup(CrossBrowserScript.java:57)
at java.util.concurrent.FutureTask.run(Unknown Source)
at java.util.concurrent.ThreadPoolExecutor.runWorker(Unknown Source)
at java.util.concurrent.ThreadPoolExecutor$Worker.run(Unknown Source)
at java.lang.Thread.run(Unknown Source)
Caused by: org.openqa.selenium.json.JsonException: Unable to determine type from: M. Last 1 characters read: M
Build info: version: '3.14.0', revision: 'aacccce0', time: '2018-08-02T20:05:20.749Z'
System info: host: 'BDC11-L-JVXCNN2', ip: '192.168.1.3', os.name: 'Windows 10', os.arch: 'amd64', os.version: '10.0', java.version: '1.8.0_171'
Driver info: driver.version: RemoteWebDriver
at org.openqa.selenium.json.JsonInput.peek(JsonInput.java:121)
at org.openqa.selenium.json.JsonTypeCoercer.lambda$null$6(JsonTypeCoercer.java:137)
at org.openqa.selenium.json.JsonTypeCoercer.coerce(JsonTypeCoercer.java:123)
at org.openqa.selenium.json.Json.toType(Json.java:60)
at org.openqa.selenium.json.Json.toType(Json.java:50)
at org.openqa.selenium.remote.ProtocolHandshake.createSession(ProtocolHandshake.java:108)
... 26 more
... Removed 15 stack frames]]>
    </failure>
  </testcase> <!-- @BeforeTest setup -->
  <testcase name="testParameterWithXML" time="0.0" classname="parallelTest.CrossBrowserScript">
    <skipped/>
  </testcase> <!-- testParameterWithXML -->
</testsuite> <!-- IE -->
