<?xml version="1.0" encoding="UTF-8"?>
<!-- Generated by org.testng.reporters.JUnitXMLReporter -->
<testsuite hostname="BDC11-L-JVXCNN2" ignored="0" name="InternetExplorer" tests="4" failures="0" timestamp="12 Oct 2018 11:01:06 GMT" time="0.117" errors="0">
  <testcase name="@BeforeTest setup" time="0.039" classname="Portal_Tests.TC001_GenerateStatement">
    <failure type="java.lang.NullPointerException">
      <![CDATA[java.lang.NullPointerException
at Portal_Tests.TC001_GenerateStatement.setup(TC001_GenerateStatement.java:78)
at java.util.concurrent.FutureTask.run(Unknown Source)
at java.util.concurrent.ThreadPoolExecutor.runWorker(Unknown Source)
at java.util.concurrent.ThreadPoolExecutor$Worker.run(Unknown Source)
at java.lang.Thread.run(Unknown Source)
... Removed 15 stack frames]]>
    </failure>
  </testcase> <!-- @BeforeTest setup -->
  <testcase name="TestLogin" time="0.0" classname="Portal_Tests.TC001_GenerateStatement">
    <skipped/>
  </testcase> <!-- TestLogin -->
  <testcase name="CheckBillingSection" time="0.0" classname="Portal_Tests.TC001_GenerateStatement">
    <skipped/>
  </testcase> <!-- CheckBillingSection -->
  <testcase name="GenerateStatement" time="0.0" classname="Portal_Tests.TC001_GenerateStatement">
    <skipped/>
  </testcase> <!-- GenerateStatement -->
  <testcase name="ClosingBrowser" time="0.0" classname="Portal_Tests.TC001_GenerateStatement">
    <skipped/>
  </testcase> <!-- ClosingBrowser -->
</testsuite> <!-- InternetExplorer -->
