<?xml version="1.0" encoding="UTF-8"?>
<!-- Generated by org.testng.reporters.JUnitXMLReporter -->
<testsuite hostname="BDC7-L-4SVCVN2" ignored="0" name="TC005_ForgotPassword" tests="3" failures="0" timestamp="07 Nov 2018 13:01:39 GMT" time="52.189" errors="0">
  <testcase name="WelcomePage" time="3.221" classname="testScenarios.TC005_ForgotPassword"/>
  <testcase name="ForgotPassword" time="2.74" classname="testScenarios.TC005_ForgotPassword"/>
  <testcase name="ResetLoginDetails" time="5.305" classname="testScenarios.TC005_ForgotPassword"/>
</testsuite> <!-- TC005_ForgotPassword -->
