<?xml version="1.0" encoding="UTF-8"?>
<!-- Generated by org.testng.reporters.JUnitXMLReporter -->
<testsuite hostname="BDC7-L-4SVCVN2" ignored="0" name="TC006_Register" tests="4" failures="0" timestamp="09 Nov 2018 07:10:22 GMT" time="60.7" errors="0">
  <testcase name="WelcomePage" time="8.764" classname="testScenarios.TC006_Register"/>
  <testcase name="Register" time="5.645" classname="testScenarios.TC006_Register"/>
  <testcase name="LegalNoticeTab" time="10.642" classname="testScenarios.TC006_Register"/>
  <testcase name="SupplierRegistration" time="7.842" classname="testScenarios.TC006_Register"/>
</testsuite> <!-- TC006_Register -->
