<?xml version="1.0" encoding="UTF-8"?>
<!-- Generated by org.testng.reporters.JUnitXMLReporter -->
<testsuite hostname="BDC7-L-4SVCVN2" ignored="0" name="TC005_ForgotPassword" tests="3" failures="0" timestamp="07 Nov 2018 04:46:56 GMT" time="37.815" errors="0">
  <testcase name="WelcomePage" time="7.424" classname="testScenarios.TC005_ForgotPassword"/>
  <testcase name="ForgotPassword" time="2.775" classname="testScenarios.TC005_ForgotPassword"/>
  <testcase name="ResetLoginDetails" time="6.762" classname="testScenarios.TC005_ForgotPassword"/>
</testsuite> <!-- TC005_ForgotPassword -->
